c:\users\bradley\source\repos\mazegenerationalgorithms\mazegenerationalgorithms\x64\release\vc142.pdb
c:\users\bradley\source\repos\mazegenerationalgorithms\mazegenerationalgorithms\x64\release\mazegenerationalgorithms.obj
c:\users\bradley\source\repos\mazegenerationalgorithms\mazegenerationalgorithms\x64\release\mazecontainer.obj
c:\users\bradley\source\repos\mazegenerationalgorithms\x64\release\mazegenerationalgorithms.exe
c:\users\bradley\source\repos\mazegenerationalgorithms\x64\release\mazegenerationalgorithms.pdb
c:\users\bradley\source\repos\mazegenerationalgorithms\x64\release\mazegenerationalgorithms.ipdb
c:\users\bradley\source\repos\mazegenerationalgorithms\x64\release\mazegenerationalgorithms.iobj
c:\users\bradley\source\repos\mazegenerationalgorithms\x64\release\opencv_core.dll
c:\users\bradley\source\repos\mazegenerationalgorithms\x64\release\zlib1.dll
c:\users\bradley\source\repos\mazegenerationalgorithms\x64\release\opencv_imgcodecs.dll
c:\users\bradley\source\repos\mazegenerationalgorithms\x64\release\opencv_imgproc.dll
c:\users\bradley\source\repos\mazegenerationalgorithms\x64\release\jpeg62.dll
c:\users\bradley\source\repos\mazegenerationalgorithms\x64\release\webp.dll
c:\users\bradley\source\repos\mazegenerationalgorithms\x64\release\libpng16.dll
c:\users\bradley\source\repos\mazegenerationalgorithms\x64\release\tiff.dll
c:\users\bradley\source\repos\mazegenerationalgorithms\x64\release\lzma.dll
c:\users\bradley\source\repos\mazegenerationalgorithms\mazegenerationalgorithms\x64\release\mazegene.11d6ee0b.tlog\cl.command.1.tlog
c:\users\bradley\source\repos\mazegenerationalgorithms\mazegenerationalgorithms\x64\release\mazegene.11d6ee0b.tlog\cl.read.1.tlog
c:\users\bradley\source\repos\mazegenerationalgorithms\mazegenerationalgorithms\x64\release\mazegene.11d6ee0b.tlog\cl.write.1.tlog
c:\users\bradley\source\repos\mazegenerationalgorithms\mazegenerationalgorithms\x64\release\mazegene.11d6ee0b.tlog\link.command.1.tlog
c:\users\bradley\source\repos\mazegenerationalgorithms\mazegenerationalgorithms\x64\release\mazegene.11d6ee0b.tlog\link.read.1.tlog
c:\users\bradley\source\repos\mazegenerationalgorithms\mazegenerationalgorithms\x64\release\mazegene.11d6ee0b.tlog\link.write.1.tlog
c:\users\bradley\source\repos\mazegenerationalgorithms\mazegenerationalgorithms\x64\release\mazegene.11d6ee0b.tlog\mazegenerationalgorithms.write.1u.tlog
