c:\users\bradley\source\repos\mazegenerationalgorithms\mazegenerationalgorithms\x64\debug\vc142.pdb
c:\users\bradley\source\repos\mazegenerationalgorithms\mazegenerationalgorithms\x64\debug\vc142.idb
c:\users\bradley\source\repos\mazegenerationalgorithms\mazegenerationalgorithms\x64\debug\mazegenerationalgorithms.obj
c:\users\bradley\source\repos\mazegenerationalgorithms\mazegenerationalgorithms\x64\debug\mazecontainer.obj
c:\users\bradley\source\repos\mazegenerationalgorithms\x64\debug\mazegenerationalgorithms.exe
c:\users\bradley\source\repos\mazegenerationalgorithms\x64\debug\mazegenerationalgorithms.pdb
c:\users\bradley\source\repos\mazegenerationalgorithms\x64\debug\opencv_cored.dll
c:\users\bradley\source\repos\mazegenerationalgorithms\x64\debug\zlibd1.dll
c:\users\bradley\source\repos\mazegenerationalgorithms\x64\debug\opencv_imgcodecsd.dll
c:\users\bradley\source\repos\mazegenerationalgorithms\x64\debug\opencv_imgprocd.dll
c:\users\bradley\source\repos\mazegenerationalgorithms\x64\debug\jpeg62.dll
c:\users\bradley\source\repos\mazegenerationalgorithms\x64\debug\webpd.dll
c:\users\bradley\source\repos\mazegenerationalgorithms\x64\debug\libpng16d.dll
c:\users\bradley\source\repos\mazegenerationalgorithms\x64\debug\tiffd.dll
c:\users\bradley\source\repos\mazegenerationalgorithms\x64\debug\lzmad.dll
c:\users\bradley\source\repos\mazegenerationalgorithms\mazegenerationalgorithms\x64\debug\mazegene.11d6ee0b.tlog\cl.command.1.tlog
c:\users\bradley\source\repos\mazegenerationalgorithms\mazegenerationalgorithms\x64\debug\mazegene.11d6ee0b.tlog\cl.read.1.tlog
c:\users\bradley\source\repos\mazegenerationalgorithms\mazegenerationalgorithms\x64\debug\mazegene.11d6ee0b.tlog\cl.write.1.tlog
c:\users\bradley\source\repos\mazegenerationalgorithms\mazegenerationalgorithms\x64\debug\mazegene.11d6ee0b.tlog\link.command.1.tlog
c:\users\bradley\source\repos\mazegenerationalgorithms\mazegenerationalgorithms\x64\debug\mazegene.11d6ee0b.tlog\link.read.1.tlog
c:\users\bradley\source\repos\mazegenerationalgorithms\mazegenerationalgorithms\x64\debug\mazegene.11d6ee0b.tlog\link.write.1.tlog
c:\users\bradley\source\repos\mazegenerationalgorithms\mazegenerationalgorithms\x64\debug\mazegene.11d6ee0b.tlog\mazegenerationalgorithms.write.1u.tlog
